<?xml version="1.0" encoding="UTF-8" ?>
<assessmentTest
	xmlns="http://www.imsglobal.org/xsd/imsqti_v2p1"
	xmlns:xsi="http://www.w3.org/2001/XMLSchema-instance"
	xsi:schemaLocation="http://www.imsglobal.org/xsd/imsqti_v2p1 http://www.imsglobal.org/xsd/imsqti_v2p1.xsd"
	identifier="Test01"
	title="NI - timeLimits - test">

  <timeLimits maxTime="30.0"/>

	<testPart identifier="P01" navigationMode="nonlinear" submissionMode="individual">
		<assessmentSection identifier="S01" title="Section 1" visible="true">
			<assessmentItemRef identifier="item01" href="item01.xml"/>
			<assessmentItemRef identifier="item02" href="item02.xml"/>
			<assessmentItemRef identifier="item03" href="item03.xml"/>
			<assessmentItemRef identifier="item04" href="item04.xml"/>
			<assessmentItemRef identifier="item05" href="item05.xml"/>
			<assessmentItemRef identifier="item06" href="item06.xml"/>
		</assessmentSection>
	</testPart>

</assessmentTest>
