<?xml version="1.0" encoding="UTF-8" ?>
<assessmentTest
        xmlns="http://www.imsglobal.org/xsd/imsqti_v2p1"
        xmlns:xsi="http://www.w3.org/2001/XMLSchema-instance"
        xsi:schemaLocation="http://www.imsglobal.org/xsd/imsqti_v2p1 http://www.imsglobal.org/xsd/imsqti_v2p1.xsd"
        identifier="Test01"
        title="Non Linear Simultaneous Deep Nested">

    <testPart identifier="P01" navigationMode="nonlinear" submissionMode="simultaneous">
        <assessmentSection identifier="A" title="Section A" visible="true">
            <assessmentItemRef identifier="MultipleChoice" href="choice_multiple.xml"/>
            <assessmentItemRef identifier="AdaptiveFeedback" href="feedback_adaptive.xml"/>
        </assessmentSection>
        <assessmentSection identifier="B" title="Section B" visible="true">
            <assessmentItemRef identifier="GapMatch" href="gap_match.xml"/>
            <assessmentItemRef identifier="Hint" href="hint.xml"/>
        </assessmentSection>
        <assessmentSection identifier="C" title="Section C" visible="true">
            <assessmentSection identifier="D" title="Section D" visible="true">
                <assessmentItemRef identifier="EvaluateExpression" href="MA-UT-01a-NoTP-Choice.xml"/>
                <assessmentItemRef identifier="Order" href="order.xml"/>
            </assessmentSection>
        </assessmentSection>
        <assessmentSection identifier="E" title="Section E" visible="true">
            <assessmentItemRef identifier="Match" href="match.xml"/>
            <assessmentItemRef identifier="Sequences" href="sequences.xml"/>
        </assessmentSection>
        <assessmentSection identifier="F" title="Section F" visible="true">
            <assessmentSection identifier="G" title="Section G" visible="true">
                <assessmentSection identifier="H" title="Section H" visible="true">
                    <assessmentItemRef identifier="AdaptiveTemplate" href="adaptive_template.xml" />
                    <assessmentItemRef identifier="Template" href="template.xml"/>
                </assessmentSection>
            </assessmentSection>
        </assessmentSection>
    </testPart>

</assessmentTest>
