<?xml version="1.0" encoding="UTF-8"?>
<assessmentTest
        xmlns="http://www.imsglobal.org/xsd/imsqti_v2p1"
        xmlns:xsi="http://www.w3.org/2001/XMLSchema-instance"
        xsi:schemaLocation="http://www.imsglobal.org/xsd/imsqti_v2p1 http://www.imsglobal.org/xsd/imsqti_v2p1.xsd"
        identifier="Test01"
        title="Linear Individual - timeLimits">

    <timeLimits maxTime="10.0"/>

    <testPart identifier="P01" navigationMode="linear" submissionMode="individual">
        <assessmentSection identifier="S01" title="Section 1" visible="true">
            <assessmentItemRef identifier="MultipleChoice" href="choice_multiple.xml"/>
            <assessmentItemRef identifier="AdaptiveFeedback" href="feedback_adaptive.xml"/>
            <assessmentItemRef identifier="GapMatch" href="gap_match.xml"/>
            <assessmentItemRef identifier="Hint" href="hint.xml"/>
            <assessmentItemRef identifier="EvaluateExpression" href="MA-UT-01a-NoTP-Choice.xml"/>
            <assessmentItemRef identifier="Order" href="order.xml"/>
            <assessmentItemRef identifier="Match" href="match.xml"/>
            <assessmentItemRef identifier="Sequences" href="sequences.xml"/>
            <assessmentItemRef identifier="AdaptiveTemplate" href="adaptive_template.xml"/>
            <assessmentItemRef identifier="Template" href="template.xml"/>
        </assessmentSection>
    </testPart>

</assessmentTest>