<?xml version="1.0" encoding="UTF-8"?>
<assessmentTest
        xmlns="http://www.imsglobal.org/xsd/imsqti_v2p1"
        xmlns:xsi="http://www.w3.org/2001/XMLSchema-instance"
        xsi:schemaLocation="http://www.imsglobal.org/xsd/imsqti_v2p1 http://www.imsglobal.org/xsd/imsqti_v2p1.xsd"
        identifier="Test01"
        title="Linear Individual - Statistics">
    <outcomeDeclaration identifier="numberSelected" cardinality="single" baseType="integer"/>
    <outcomeDeclaration identifier="numberPresented" cardinality="single" baseType="integer"/>
    <outcomeDeclaration identifier="numberResponded" cardinality="single" baseType="integer"/>
    <outcomeDeclaration identifier="numberCorrect" cardinality="single" baseType="integer"/>
    <outcomeDeclaration identifier="numberIncorrect" cardinality="single" baseType="integer"/>
    <outcomeDeclaration identifier="totalScore" cardinality="single" baseType="float"/>
    <outcomeDeclaration identifier="something" cardinality="single" baseType="identifier"/>
    <testPart identifier="P01" navigationMode="linear" submissionMode="individual">
        <assessmentSection identifier="S01" title="Section 1" visible="true">
            <assessmentItemRef identifier="MultipleChoice" href="choice_multiple.xml"/>
            <assessmentItemRef identifier="AdaptiveFeedback" href="feedback_adaptive.xml"/>
            <assessmentItemRef identifier="GapMatch" href="gap_match.xml"/>
            <assessmentItemRef identifier="Hint" href="hint.xml"/>
            <assessmentItemRef identifier="EvaluateExpression" href="MA-UT-01a-NoTP-Choice.xml"/>
            <assessmentItemRef identifier="Order" href="order.xml"/>
            <assessmentItemRef identifier="Match" href="match.xml"/>
            <assessmentItemRef identifier="Sequences" href="sequences.xml"/>
            <assessmentItemRef identifier="Template" href="template.xml"/>
            <assessmentItemRef identifier="AdaptiveTemplate" href="adaptive_template.xml"/>
        </assessmentSection>
    </testPart>
    <outcomeProcessing>
        <setOutcomeValue identifier="numberSelected">
            <numberSelected/>
        </setOutcomeValue>
        <setOutcomeValue identifier="numberPresented">
            <numberPresented/>
        </setOutcomeValue>
        <setOutcomeValue identifier="numberResponded">
            <numberResponded/>
        </setOutcomeValue>
        <setOutcomeValue identifier="numberCorrect">
            <numberCorrect/>
        </setOutcomeValue>
        <setOutcomeValue identifier="numberIncorrect">
            <numberIncorrect/>
        </setOutcomeValue>
        <setOutcomeValue identifier="totalScore">
            <sum>
                <testVariables variableIdentifier="SCORE"/>
            </sum>
        </setOutcomeValue>
    </outcomeProcessing>
    <testFeedback access="during" showHide="hide" outcomeIdentifier="something" identifier="something">
        <table>
            <tbody>
                <tr>
                    <td>Selected:</td>
                    <td>
                        <printedVariable identifier="numberSelected"/>
                    </td>
                </tr>
                <tr>
                    <td>Presented:</td>
                    <td>
                        <printedVariable identifier="numberPresented"/>
                    </td>
                </tr>
                <tr>
                    <td>Responded:</td>
                    <td>
                        <printedVariable identifier="numberResponded"/>
                    </td>
                </tr>
                <tr>
                    <td>Correct:</td>
                    <td>
                        <printedVariable identifier="numberCorrect"/>
                    </td>
                </tr>
                <tr>
                    <td>Incorrect:</td>
                    <td>
                        <printedVariable identifier="numberIncorrect"/>
                    </td>
                </tr>
                <tr>
                    <td>Score:</td>
                    <td>
                        <printedVariable identifier="totalScore"/>
                    </td>
                </tr>
            </tbody>
        </table>
    </testFeedback>
    <testFeedback access="atEnd" showHide="hide" outcomeIdentifier="something" identifier="something">
        <table>
            <tbody>
                <tr>
                    <td>Selected:</td>
                    <td>
                        <printedVariable identifier="numberSelected"/>
                    </td>
                </tr>
                <tr>
                    <td>Presented:</td>
                    <td>
                        <printedVariable identifier="numberPresented"/>
                    </td>
                </tr>
                <tr>
                    <td>Responded:</td>
                    <td>
                        <printedVariable identifier="numberResponded"/>
                    </td>
                </tr>
                <tr>
                    <td>Correct:</td>
                    <td>
                        <printedVariable identifier="numberCorrect"/>
                    </td>
                </tr>
                <tr>
                    <td>Incorrect:</td>
                    <td>
                        <printedVariable identifier="numberIncorrect"/>
                    </td>
                </tr>
                <tr>
                    <td>Score:</td>
                    <td>
                        <printedVariable identifier="totalScore"/>
                    </td>
                </tr>
            </tbody>
        </table>
    </testFeedback>
</assessmentTest>
