<?xml version="1.0" encoding="UTF-8" ?>
<assessmentTest
        xmlns="http://www.imsglobal.org/xsd/imsqti_v2p1"
        xmlns:xsi="http://www.w3.org/2001/XMLSchema-instance"
        xsi:schemaLocation="http://www.imsglobal.org/xsd/imsqti_v2p1 http://www.imsglobal.org/xsd/imsqti_v2p1.xsd"
        identifier="Test01"
        title="Non Linear Simultaneous Deep Nested - Disabled review">

    <testPart identifier="P01" navigationMode="nonlinear" submissionMode="simultaneous">
        <itemSessionControl allowReview="false"/>
        <assessmentSection identifier="A" title="Section A" visible="true">
            <assessmentItemRef identifier="item01" href="item01.xml"/>
            <assessmentItemRef identifier="item02" href="item02.xml"/>
        </assessmentSection>
        <assessmentSection identifier="B" title="Section B" visible="true">
            <assessmentItemRef identifier="item03" href="item03.xml"/>
            <assessmentItemRef identifier="item04" href="item04.xml"/>
        </assessmentSection>
        <assessmentSection identifier="C" title="Section C" visible="true">
            <assessmentSection identifier="D" title="Section 1" visible="true">
                <assessmentItemRef identifier="item05" href="item05.xml"/>
                <assessmentItemRef identifier="item06" href="item06.xml"/>
            </assessmentSection>
        </assessmentSection>
        <assessmentSection identifier="E" title="Section E" visible="true">
            <assessmentItemRef identifier="item07" href="item07.xml"/>
        </assessmentSection>
        <assessmentSection identifier="F" title="Section F" visible="true">
            <assessmentSection identifier="G" title="Section G" visible="true">
                <assessmentSection identifier="H" title="Section H" visible="true">
                    <assessmentItemRef identifier="item08" href="item08.xml"/>
                    <assessmentItemRef identifier="item09" href="item09.xml"/>
                </assessmentSection>
            </assessmentSection>
        </assessmentSection>
    </testPart>

</assessmentTest>
