<?xml version="1.0" encoding="UTF-8" ?>
<assessmentTest
        xmlns="http://www.imsglobal.org/xsd/imsqti_v2p1"
        xmlns:xsi="http://www.w3.org/2001/XMLSchema-instance"
        xsi:schemaLocation="http://www.imsglobal.org/xsd/imsqti_v2p1 http://www.imsglobal.org/xsd/imsqti_v2p1.xsd"
        identifier="Test01"
        title="Nested sections (2, 4 not visible)">

    <testPart identifier="P01" navigationMode="linear" submissionMode="individual">

        <itemSessionControl allowReview="false"/>

        <assessmentSection identifier="S01" title="Section 1" visible="true">
            <assessmentSection identifier="S02" title="Section 2" visible="false">
                <assessmentSection identifier="S03" title="Section 3" visible="true">
                    <assessmentSection identifier="S04" title="Section 4" visible="false">
                        <assessmentSection identifier="S05" title="Section 5" visible="true">
                            <assessmentItemRef identifier="item01" href="item01.xml"/>
                        </assessmentSection>
                    </assessmentSection>
                </assessmentSection>
            </assessmentSection>
        </assessmentSection>
    </testPart>

</assessmentTest>
